<?xml version="1.0" encoding="UTF-8"?>
<!-- Generated by org.testng.reporters.JUnitXMLReporter -->
<testsuite hostname="ip-172-31-94-108" ignored="8" name="Test" tests="6" failures="0" timestamp="13 Dec 2021 11:55:48 GMT" time="9.48" errors="0">
  <testcase name="DoSignUp" time="0.805" classname="tests.SignupTest"/>
  <testcase name="NegativeLogin" time="0.328" classname="tests.LoginTest"/>
  <testcase name="PositiveLogin" time="0.368" classname="tests.LoginTest"/>
  <testcase name="Logout" time="0.456" classname="tests.LogoutTest"/>
  <testcase name="DoAddToCart" time="0.569" classname="tests.AddToCartTest"/>
  <testcase name="DoCheckoutAndOrder" time="0.943" classname="tests.CheckoutAndOrderTest"/>
  <testcase name="@BeforeTest ReportSetup" time="0.0" classname="tests.BaseClass">
    <ignored/>
  </testcase> <!-- @BeforeTest ReportSetup -->
  <testcase name="@BeforeTest ReportSetup" time="0.0" classname="tests.BaseClass">
    <ignored/>
  </testcase> <!-- @BeforeTest ReportSetup -->
  <testcase name="@BeforeTest ReportSetup" time="0.0" classname="tests.BaseClass">
    <ignored/>
  </testcase> <!-- @BeforeTest ReportSetup -->
  <testcase name="@BeforeTest ReportSetup" time="0.0" classname="tests.BaseClass">
    <ignored/>
  </testcase> <!-- @BeforeTest ReportSetup -->
  <testcase name="@AfterTest ReportTeardown" time="0.0" classname="tests.BaseClass">
    <ignored/>
  </testcase> <!-- @AfterTest ReportTeardown -->
  <testcase name="@AfterTest ReportTeardown" time="0.0" classname="tests.BaseClass">
    <ignored/>
  </testcase> <!-- @AfterTest ReportTeardown -->
  <testcase name="@AfterTest ReportTeardown" time="0.0" classname="tests.BaseClass">
    <ignored/>
  </testcase> <!-- @AfterTest ReportTeardown -->
  <testcase name="@AfterTest ReportTeardown" time="0.0" classname="tests.BaseClass">
    <ignored/>
  </testcase> <!-- @AfterTest ReportTeardown -->
</testsuite> <!-- Test -->
