<?xml version="1.0" encoding="UTF-8"?>
<!-- Generated by org.testng.reporters.JUnitXMLReporter -->
<testsuite hostname="ip-172-31-94-108" ignored="6" name="Test" tests="4" failures="0" timestamp="11 Dec 2021 13:49:43 GMT" time="6.552" errors="0">
  <testcase name="DoSignUp" time="0.796" classname="tests.SignupTest"/>
  <testcase name="PositiveLogin" time="0.3" classname="tests.LoginTest"/>
  <testcase name="DoAddToCart" time="0.537" classname="tests.AddToCartTest"/>
  <testcase name="DoCheckoutAndOrder" time="0.879" classname="tests.CheckoutAndOrderTest"/>
  <testcase name="@BeforeTest ReportSetup" time="0.0" classname="tests.BaseClass">
    <ignored/>
  </testcase> <!-- @BeforeTest ReportSetup -->
  <testcase name="@BeforeTest ReportSetup" time="0.0" classname="tests.BaseClass">
    <ignored/>
  </testcase> <!-- @BeforeTest ReportSetup -->
  <testcase name="@BeforeTest ReportSetup" time="0.0" classname="tests.BaseClass">
    <ignored/>
  </testcase> <!-- @BeforeTest ReportSetup -->
  <testcase name="@AfterTest ReportTeardown" time="0.0" classname="tests.BaseClass">
    <ignored/>
  </testcase> <!-- @AfterTest ReportTeardown -->
  <testcase name="@AfterTest ReportTeardown" time="0.0" classname="tests.BaseClass">
    <ignored/>
  </testcase> <!-- @AfterTest ReportTeardown -->
  <testcase name="@AfterTest ReportTeardown" time="0.0" classname="tests.BaseClass">
    <ignored/>
  </testcase> <!-- @AfterTest ReportTeardown -->
</testsuite> <!-- Test -->
